<?xml version="1.0" encoding="UTF-8"?>
<!-- Generated by org.testng.reporters.JUnitReportReporter -->
<testsuite hostname="DESKTOP-QM8BET5" failures="0" tests="1" name="Hapana.ExtentReport.ExtentReportDemo" time="8.248" errors="0" timestamp="2023-05-27T15:41:39 IST" skipped="0">
  <testcase classname="Hapana.ExtentReport.ExtentReportDemo" name="initialDemo" time="8.248"/>
  <system-out/>
</testsuite> <!-- Hapana.ExtentReport.ExtentReportDemo -->
